2022-06-13 22:02:42,739 DEBUG [main] InternalLoggerFactory:89 - Using Log4J as the default logging framework
2022-06-13 22:02:42,748 DEBUG [main] ResourceLeakDetector:129 - -Dio.netty.leakDetection.level: simple
2022-06-13 22:02:42,748 DEBUG [main] ResourceLeakDetector:130 - -Dio.netty.leakDetection.targetRecords: 4
2022-06-13 22:02:42,754 DEBUG [main] ResourceLeakDetectorFactory:196 - Loaded default ResourceLeakDetector: io.netty.util.ResourceLeakDetector@2d778add
2022-06-13 22:02:42,790 DEBUG [main] PlatformDependent0:460 - -Dio.netty.noUnsafe: false
2022-06-13 22:02:42,790 DEBUG [main] PlatformDependent0:954 - Java version: 11
2022-06-13 22:02:42,796 DEBUG [main] PlatformDependent0:135 - sun.misc.Unsafe.theUnsafe: available
2022-06-13 22:02:42,798 DEBUG [main] PlatformDependent0:159 - sun.misc.Unsafe.copyMemory: available
2022-06-13 22:02:42,800 DEBUG [main] PlatformDependent0:202 - java.nio.Buffer.address: available
2022-06-13 22:02:42,801 DEBUG [main] PlatformDependent0:285 - direct buffer constructor: unavailable: Reflective setAccessible(true) disabled
2022-06-13 22:02:42,803 DEBUG [main] PlatformDependent0:350 - java.nio.Bits.unaligned: available, true
2022-06-13 22:02:42,805 DEBUG [main] PlatformDependent0:417 - jdk.internal.misc.Unsafe.allocateUninitializedArray(int): unavailable: class io.netty.util.internal.PlatformDependent0$6 cannot access class jdk.internal.misc.Unsafe (in module java.base) because module java.base does not export jdk.internal.misc to unnamed module @7582ff54
2022-06-13 22:02:42,807 DEBUG [main] PlatformDependent0:446 - java.nio.DirectByteBuffer.<init>(long, int): unavailable
2022-06-13 22:02:42,807 DEBUG [main] PlatformDependent:1116 - sun.misc.Unsafe: available
2022-06-13 22:02:42,829 DEBUG [main] PlatformDependent:1218 - maxDirectMemory: 2099249152 bytes (maybe)
2022-06-13 22:02:42,830 DEBUG [main] PlatformDependent:1237 - -Dio.netty.tmpdir: C:\Users\PRAKAS~1\AppData\Local\Temp (java.io.tmpdir)
2022-06-13 22:02:42,833 DEBUG [main] PlatformDependent:1316 - -Dio.netty.bitMode: 64 (sun.arch.data.model)
2022-06-13 22:02:42,835 DEBUG [main] PlatformDependent:1076 - Platform: Windows
2022-06-13 22:02:42,836 DEBUG [main] PlatformDependent:178 - -Dio.netty.maxDirectMemory: -1 bytes
2022-06-13 22:02:42,837 DEBUG [main] PlatformDependent:185 - -Dio.netty.uninitializedArrayAllocationThreshold: -1
2022-06-13 22:02:42,839 DEBUG [main] CleanerJava9:71 - java.nio.ByteBuffer.cleaner(): available
2022-06-13 22:02:42,840 DEBUG [main] PlatformDependent:205 - -Dio.netty.noPreferDirect: false
2022-06-13 22:02:42,854 DEBUG [main] PlatformDependent:967 - org.jctools-core.MpscChunkedArrayQueue: available
2022-06-13 22:02:42,896 DEBUG [main] InternalThreadLocalMap:86 - -Dio.netty.threadLocalMap.stringBuilder.initialSize: 1024
2022-06-13 22:02:42,896 DEBUG [main] InternalThreadLocalMap:89 - -Dio.netty.threadLocalMap.stringBuilder.maxSize: 4096
2022-06-13 22:02:43,238 DEBUG [main] JdkSslContext:97 - Default protocols (JDK): [TLSv1.3, TLSv1.2] 
2022-06-13 22:02:43,238 DEBUG [main] JdkSslContext:98 - Default cipher suites (JDK): [TLS_ECDHE_ECDSA_WITH_AES_256_GCM_SHA384, TLS_ECDHE_ECDSA_WITH_AES_128_GCM_SHA256, TLS_ECDHE_RSA_WITH_AES_128_GCM_SHA256, TLS_ECDHE_RSA_WITH_AES_256_GCM_SHA384, TLS_ECDHE_RSA_WITH_AES_128_CBC_SHA, TLS_ECDHE_RSA_WITH_AES_256_CBC_SHA, TLS_RSA_WITH_AES_128_GCM_SHA256, TLS_RSA_WITH_AES_128_CBC_SHA, TLS_RSA_WITH_AES_256_CBC_SHA, TLS_AES_128_GCM_SHA256, TLS_AES_256_GCM_SHA384]
2022-06-13 22:02:43,278 DEBUG [main] MultithreadEventLoopGroup:44 - -Dio.netty.eventLoopThreads: 16
2022-06-13 22:02:43,292 DEBUG [main] NioEventLoop:109 - -Dio.netty.noKeySetOptimization: false
2022-06-13 22:02:43,292 DEBUG [main] NioEventLoop:110 - -Dio.netty.selectorAutoRebuildThreshold: 512
2022-06-13 22:02:43,337 DEBUG [main] PooledByteBufAllocator:155 - -Dio.netty.allocator.numHeapArenas: 16
2022-06-13 22:02:43,337 DEBUG [main] PooledByteBufAllocator:156 - -Dio.netty.allocator.numDirectArenas: 16
2022-06-13 22:02:43,337 DEBUG [main] PooledByteBufAllocator:158 - -Dio.netty.allocator.pageSize: 8192
2022-06-13 22:02:43,343 DEBUG [main] PooledByteBufAllocator:163 - -Dio.netty.allocator.maxOrder: 11
2022-06-13 22:02:43,343 DEBUG [main] PooledByteBufAllocator:167 - -Dio.netty.allocator.chunkSize: 16777216
2022-06-13 22:02:43,343 DEBUG [main] PooledByteBufAllocator:168 - -Dio.netty.allocator.smallCacheSize: 256
2022-06-13 22:02:43,343 DEBUG [main] PooledByteBufAllocator:169 - -Dio.netty.allocator.normalCacheSize: 64
2022-06-13 22:02:43,343 DEBUG [main] PooledByteBufAllocator:170 - -Dio.netty.allocator.maxCachedBufferCapacity: 32768
2022-06-13 22:02:43,343 DEBUG [main] PooledByteBufAllocator:171 - -Dio.netty.allocator.cacheTrimInterval: 8192
2022-06-13 22:02:43,344 DEBUG [main] PooledByteBufAllocator:172 - -Dio.netty.allocator.cacheTrimIntervalMillis: 0
2022-06-13 22:02:43,344 DEBUG [main] PooledByteBufAllocator:173 - -Dio.netty.allocator.useCacheForAllThreads: true
2022-06-13 22:02:43,344 DEBUG [main] PooledByteBufAllocator:174 - -Dio.netty.allocator.maxCachedByteBuffersPerChunk: 1023
2022-06-13 22:02:43,356 DEBUG [main] ByteBufUtil:87 - -Dio.netty.allocator.type: pooled
2022-06-13 22:02:43,356 DEBUG [main] ByteBufUtil:96 - -Dio.netty.threadLocalDirectBufferSize: 0
2022-06-13 22:02:43,357 DEBUG [main] ByteBufUtil:99 - -Dio.netty.maxThreadLocalCharBufferSize: 16384
2022-06-13 22:02:44,503 DEBUG [Forwarding newSession on session null to remote] DefaultChannelId:79 - -Dio.netty.processId: 27216 (auto-detected)
2022-06-13 22:02:44,504 DEBUG [Forwarding newSession on session null to remote] NetUtil:135 - -Djava.net.preferIPv4Stack: false
2022-06-13 22:02:44,504 DEBUG [Forwarding newSession on session null to remote] NetUtil:136 - -Djava.net.preferIPv6Addresses: false
2022-06-13 22:02:44,850 DEBUG [Forwarding newSession on session null to remote] NetUtilInitializations:129 - Loopback interface: lo (Software Loopback Interface 1, 127.0.0.1)
2022-06-13 22:02:44,855 DEBUG [Forwarding newSession on session null to remote] NetUtil:187 - Failed to get SOMAXCONN from sysctl and file \proc\sys\net\core\somaxconn. Default: 200
2022-06-13 22:02:45,413 DEBUG [Forwarding newSession on session null to remote] DefaultChannelId:101 - -Dio.netty.machineId: 78:2b:46:ff:fe:74:50:04 (auto-detected)
2022-06-13 22:02:45,602 DEBUG [AsyncHttpClient-1-2] AbstractByteBuf:63 - -Dio.netty.buffer.checkAccessible: true
2022-06-13 22:02:45,607 DEBUG [AsyncHttpClient-1-2] AbstractByteBuf:64 - -Dio.netty.buffer.checkBounds: true
2022-06-13 22:02:45,607 DEBUG [AsyncHttpClient-1-2] ResourceLeakDetectorFactory:196 - Loaded default ResourceLeakDetector: io.netty.util.ResourceLeakDetector@4215aeb0
2022-06-13 22:02:45,696 DEBUG [AsyncHttpClient-1-2] Recycler:85 - -Dio.netty.recycler.maxCapacityPerThread: 4096
2022-06-13 22:02:45,696 DEBUG [AsyncHttpClient-1-2] Recycler:86 - -Dio.netty.recycler.ratio: 8
2022-06-13 22:02:45,697 DEBUG [AsyncHttpClient-1-2] Recycler:87 - -Dio.netty.recycler.chunkSize: 32
2022-06-13 22:02:45,698 DEBUG [AsyncHttpClient-1-2] Recycler:88 - -Dio.netty.recycler.blocking: false
2022-06-13 22:02:47,360 DEBUG [AsyncHttpClient-1-2] Brotli:38 - brotli4j not in the classpath; Brotli support will be unavailable.
2022-06-13 22:02:47,684 DEBUG [main] ThreadLocalRandom:214 - -Dio.netty.initialSeedUniquifier: 0xc84dd9ba5fce6ec1
